SF:lib\widgets\home_page_widget.dart
DA:14,1
DA:16,1
DA:17,1
DA:24,1
DA:26,0
DA:27,0
DA:28,0
DA:30,1
DA:31,1
DA:39,2
DA:42,0
DA:44,1
LF:12
LH:8
end_of_record
SF:lib\mock\pets_mock.dart
DA:4,0
DA:5,0
DA:15,0
DA:24,0
DA:34,0
DA:43,0
DA:53,0
DA:55,0
DA:65,0
DA:73,0
DA:83,0
LF:11
LH:0
end_of_record
SF:lib\models\pet_model.dart
DA:15,0
LF:1
LH:0
end_of_record
SF:lib\mock\tab_bar_buttons_mock.dart
DA:5,3
LF:1
LH:1
end_of_record
SF:lib\models\tab_bar_buttons_model.dart
DA:9,1
LF:1
LH:1
end_of_record
SF:lib\widgets\home_page_widgets\app_bar_widget.dart
DA:6,1
DA:8,0
DA:10,0
DA:11,0
DA:18,0
DA:19,0
DA:20,0
DA:22,0
DA:24,0
DA:26,0
DA:31,0
DA:32,0
LF:12
LH:1
end_of_record
SF:lib\widgets\home_page_widgets\pet_list_widgets\pet_card_widget.dart
DA:7,0
DA:9,0
DA:11,0
DA:13,0
DA:15,0
DA:19,0
DA:21,0
DA:23,0
DA:30,0
DA:31,0
DA:32,0
DA:33,0
DA:34,0
DA:36,0
DA:37,0
DA:38,0
DA:39,0
DA:40,0
DA:41,0
DA:53,0
DA:57,0
DA:58,0
DA:59,0
DA:60,0
DA:62,0
DA:63,0
DA:64,0
DA:66,0
DA:68,0
DA:69,0
DA:70,0
DA:71,0
DA:73,0
DA:74,0
DA:75,0
DA:82,0
DA:83,0
DA:84,0
DA:88,0
DA:89,0
DA:90,0
DA:96,0
DA:97,0
DA:98,0
LF:44
LH:0
end_of_record
SF:lib\widgets\home_page_widgets\pet_list_widgets\pet_list_widget.dart
DA:10,0
DA:12,0
DA:14,0
DA:15,0
DA:16,0
DA:17,0
DA:22,0
DA:23,0
DA:24,0
LF:9
LH:0
end_of_record
SF:lib\widgets\home_page_widgets\tab_bar_widgets\tab_bar_buttons_widget.dart
DA:7,0
DA:12,0
DA:15,0
DA:17,0
DA:20,0
DA:21,0
DA:23,0
DA:26,0
DA:31,0
DA:32,0
DA:33,0
DA:36,0
DA:38,0
DA:41,0
DA:43,0
DA:44,0
LF:16
LH:0
end_of_record
SF:lib\widgets\home_page_widgets\tab_bar_widgets\tab_bar_list.dart
DA:8,1
DA:13,0
DA:15,0
DA:25,0
DA:27,0
DA:30,0
DA:35,0
DA:36,0
LF:8
LH:1
end_of_record
SF:lib\widgets\home_page_widgets\app_bar_widgets\menu_icon_app_bar.dart
DA:4,1
DA:6,0
DA:8,0
LF:3
LH:1
end_of_record
SF:lib\widgets\home_page_widgets\pet_list_widgets\heart_icon_widget.dart
DA:8,0
DA:13,0
DA:15,0
DA:18,0
DA:19,0
DA:20,0
DA:22,0
LF:7
LH:0
end_of_record
